<?xml version="1.0" encoding="UTF-8"?>
<!-- Generated by org.testng.reporters.JUnitXMLReporter -->
<testsuite hostname="DML-01934" ignored="0" name="InternetExplorerTests" tests="10" failures="0" timestamp="19 Sep 2018 16:15:39 GMT" time="3.396" errors="0">
  <testcase name="@BeforeClass setup" time="3.203" classname="mdThink.SiteChecksSplit">
    <failure type="org.openqa.selenium.SessionNotCreatedException" message="Unexpected error launching Internet Explorer. Protected Mode settings are not the same for all zones. Enable Protected Mode must be set to the same value (enabled or disabled) for all zones.
Build info: version: &amp;apos;3.13.0&amp;apos;, revision: &amp;apos;2f0d292&amp;apos;, time: &amp;apos;2018-06-25T15:32:14.902Z&amp;apos;
System info: host: &amp;apos;DML-01934&amp;apos;, ip: &amp;apos;172.27.20.174&amp;apos;, os.name: &amp;apos;Windows 10&amp;apos;, os.arch: &amp;apos;amd64&amp;apos;, os.version: &amp;apos;10.0&amp;apos;, java.version: &amp;apos;1.8.0_181&amp;apos;
Driver info: driver.version: InternetExplorerDriver
remote stacktrace: ">
      <![CDATA[org.openqa.selenium.SessionNotCreatedException: Unexpected error launching Internet Explorer. Protected Mode settings are not the same for all zones. Enable Protected Mode must be set to the same value (enabled or disabled) for all zones.
Build info: version: '3.13.0', revision: '2f0d292', time: '2018-06-25T15:32:14.902Z'
System info: host: 'DML-01934', ip: '172.27.20.174', os.name: 'Windows 10', os.arch: 'amd64', os.version: '10.0', java.version: '1.8.0_181'
Driver info: driver.version: InternetExplorerDriver
remote stacktrace: 
at org.openqa.selenium.remote.W3CHandshakeResponse.lambda$new$0(W3CHandshakeResponse.java:57)
at org.openqa.selenium.remote.W3CHandshakeResponse.lambda$getResponseFunction$2(W3CHandshakeResponse.java:104)
at org.openqa.selenium.remote.ProtocolHandshake.lambda$createSession$0(ProtocolHandshake.java:123)
at java.util.stream.ReferencePipeline$3$1.accept(Unknown Source)
at java.util.Spliterators$ArraySpliterator.tryAdvance(Unknown Source)
at java.util.stream.ReferencePipeline.forEachWithCancel(Unknown Source)
at java.util.stream.AbstractPipeline.copyIntoWithCancel(Unknown Source)
at java.util.stream.AbstractPipeline.copyInto(Unknown Source)
at java.util.stream.AbstractPipeline.wrapAndCopyInto(Unknown Source)
at java.util.stream.FindOps$FindOp.evaluateSequential(Unknown Source)
at java.util.stream.AbstractPipeline.evaluate(Unknown Source)
at java.util.stream.ReferencePipeline.findFirst(Unknown Source)
at org.openqa.selenium.remote.ProtocolHandshake.createSession(ProtocolHandshake.java:126)
at org.openqa.selenium.remote.ProtocolHandshake.createSession(ProtocolHandshake.java:73)
at org.openqa.selenium.remote.HttpCommandExecutor.execute(HttpCommandExecutor.java:136)
at org.openqa.selenium.remote.service.DriverCommandExecutor.execute(DriverCommandExecutor.java:83)
at org.openqa.selenium.remote.RemoteWebDriver.execute(RemoteWebDriver.java:548)
at org.openqa.selenium.remote.RemoteWebDriver.startSession(RemoteWebDriver.java:212)
at org.openqa.selenium.ie.InternetExplorerDriver.run(InternetExplorerDriver.java:221)
at org.openqa.selenium.ie.InternetExplorerDriver.<init>(InternetExplorerDriver.java:213)
at org.openqa.selenium.ie.InternetExplorerDriver.<init>(InternetExplorerDriver.java:150)
at mdThink.SiteChecksSplit.setup(SiteChecksSplit.java:59)
at java.util.concurrent.FutureTask.run(Unknown Source)
at java.util.concurrent.ThreadPoolExecutor.runWorker(Unknown Source)
at java.util.concurrent.ThreadPoolExecutor$Worker.run(Unknown Source)
at java.lang.Thread.run(Unknown Source)
... Removed 21 stack frames]]>
    </failure>
  </testcase> <!-- @BeforeClass setup -->
  <testcase name="@AfterClass tearDown" time="0.0" classname="mdThink.SiteChecksSplit">
    <skipped/>
  </testcase> <!-- @AfterClass tearDown -->
  <testcase name="checkAccessMDThink" time="0.0" classname="mdThink.SiteChecksSplit">
    <skipped/>
  </testcase> <!-- checkAccessMDThink -->
  <testcase name="checkBitbucket" time="0.0" classname="mdThink.SiteChecksSplit">
    <skipped/>
  </testcase> <!-- checkBitbucket -->
  <testcase name="checkConfluence" time="0.0" classname="mdThink.SiteChecksSplit">
    <skipped/>
  </testcase> <!-- checkConfluence -->
  <testcase name="checkEeMDThink" time="0.0" classname="mdThink.SiteChecksSplit">
    <skipped/>
  </testcase> <!-- checkEeMDThink -->
  <testcase name="checkIdentityMDThink" time="0.0" classname="mdThink.SiteChecksSplit">
    <skipped/>
  </testcase> <!-- checkIdentityMDThink -->
  <testcase name="checkJenkins" time="0.0" classname="mdThink.SiteChecksSplit">
    <skipped/>
  </testcase> <!-- checkJenkins -->
  <testcase name="checkLTC" time="0.0" classname="mdThink.SiteChecksSplit">
    <skipped/>
  </testcase> <!-- checkLTC -->
  <testcase name="checkOpenAM" time="0.0" classname="mdThink.SiteChecksSplit">
    <skipped/>
  </testcase> <!-- checkOpenAM -->
  <testcase name="checkServicedesk" time="0.0" classname="mdThink.SiteChecksSplit">
    <skipped/>
  </testcase> <!-- checkServicedesk -->
  <testcase name="checkSplunk" time="0.0" classname="mdThink.SiteChecksSplit">
    <skipped/>
  </testcase> <!-- checkSplunk -->
</testsuite> <!-- InternetExplorerTests -->
