<?xml version="1.0" encoding="UTF-8"?>
<!-- Generated by org.testng.reporters.JUnitXMLReporter -->
<testsuite hostname="DML-01934" ignored="0" name="ChromeTests" tests="10" failures="9" timestamp="07 Sep 2018 15:24:52 GMT" time="51.928" errors="0">
  <testcase name="checkAccessMDThink" time="1.766" classname="mdThink.SiteChecksSplitExtent">
    <failure type="java.lang.NullPointerException">
      <![CDATA[java.lang.NullPointerException
at mdThink.SiteChecksSplitExtent.compareTitles(SiteChecksSplitExtent.java:218)
at mdThink.SiteChecksSplitExtent.checkAccessMDThink(SiteChecksSplitExtent.java:105)
... Removed 25 stack frames]]>
    </failure>
  </testcase> <!-- checkAccessMDThink -->
  <testcase name="checkBitbucket" time="0.995" classname="mdThink.SiteChecksSplitExtent">
    <failure type="java.lang.NullPointerException">
      <![CDATA[java.lang.NullPointerException
at mdThink.SiteChecksSplitExtent.compareTitles(SiteChecksSplitExtent.java:218)
at mdThink.SiteChecksSplitExtent.checkBitbucket(SiteChecksSplitExtent.java:145)
... Removed 25 stack frames]]>
    </failure>
  </testcase> <!-- checkBitbucket -->
  <testcase name="checkConfluence" time="0.828" classname="mdThink.SiteChecksSplitExtent">
    <failure type="java.lang.NullPointerException">
      <![CDATA[java.lang.NullPointerException
at mdThink.SiteChecksSplitExtent.compareTitles(SiteChecksSplitExtent.java:218)
at mdThink.SiteChecksSplitExtent.checkConfluence(SiteChecksSplitExtent.java:155)
... Removed 25 stack frames]]>
    </failure>
  </testcase> <!-- checkConfluence -->
  <testcase name="checkEeMDThink" time="0.405" classname="mdThink.SiteChecksSplitExtent">
    <failure type="java.lang.NullPointerException">
      <![CDATA[java.lang.NullPointerException
at mdThink.SiteChecksSplitExtent.compareTitles(SiteChecksSplitExtent.java:218)
at mdThink.SiteChecksSplitExtent.checkEeMDThink(SiteChecksSplitExtent.java:95)
... Removed 25 stack frames]]>
    </failure>
  </testcase> <!-- checkEeMDThink -->
  <testcase name="checkIdentityMDThink" time="0.578" classname="mdThink.SiteChecksSplitExtent">
    <failure type="java.lang.NullPointerException">
      <![CDATA[java.lang.NullPointerException
at mdThink.SiteChecksSplitExtent.compareTitles(SiteChecksSplitExtent.java:218)
at mdThink.SiteChecksSplitExtent.checkIdentityMDThink(SiteChecksSplitExtent.java:115)
... Removed 25 stack frames]]>
    </failure>
  </testcase> <!-- checkIdentityMDThink -->
  <testcase name="checkJenkins" time="0.71" classname="mdThink.SiteChecksSplitExtent">
    <failure type="java.lang.NullPointerException">
      <![CDATA[java.lang.NullPointerException
at mdThink.SiteChecksSplitExtent.compareTitles(SiteChecksSplitExtent.java:218)
at mdThink.SiteChecksSplitExtent.checkJenkins(SiteChecksSplitExtent.java:135)
... Removed 25 stack frames]]>
    </failure>
  </testcase> <!-- checkJenkins -->
  <testcase name="checkLTC" time="42.163" classname="mdThink.SiteChecksSplitExtent">
    <failure type="java.lang.NullPointerException">
      <![CDATA[java.lang.NullPointerException
at mdThink.SiteChecksSplitExtent.compareTitles(SiteChecksSplitExtent.java:218)
at mdThink.SiteChecksSplitExtent.checkLTC(SiteChecksSplitExtent.java:85)
... Removed 25 stack frames]]>
    </failure>
  </testcase> <!-- checkLTC -->
  <testcase name="checkOpenAM" time="1.954" classname="mdThink.SiteChecksSplitExtent"/>
  <testcase name="checkServicedesk" time="1.314" classname="mdThink.SiteChecksSplitExtent">
    <failure type="java.lang.NullPointerException">
      <![CDATA[java.lang.NullPointerException
at mdThink.SiteChecksSplitExtent.compareTitles(SiteChecksSplitExtent.java:218)
at mdThink.SiteChecksSplitExtent.checkServicedesk(SiteChecksSplitExtent.java:165)
... Removed 25 stack frames]]>
    </failure>
  </testcase> <!-- checkServicedesk -->
  <testcase name="checkSplunk" time="1.14" classname="mdThink.SiteChecksSplitExtent">
    <failure type="java.lang.NullPointerException">
      <![CDATA[java.lang.NullPointerException
at mdThink.SiteChecksSplitExtent.compareTitles(SiteChecksSplitExtent.java:218)
at mdThink.SiteChecksSplitExtent.checkSplunk(SiteChecksSplitExtent.java:125)
... Removed 25 stack frames]]>
    </failure>
  </testcase> <!-- checkSplunk -->
</testsuite> <!-- ChromeTests -->
