<?xml version="1.0" encoding="UTF-8"?>
<!-- Generated by org.testng.reporters.JUnitXMLReporter -->
<testsuite hostname="DML-01934" ignored="0" name="FirefoxTests" tests="8" failures="1" timestamp="07 Sep 2018 14:05:27 GMT" time="85.941" errors="0">
  <testcase name="checkBitbucket" time="5.511" classname="mdThink.SiteChecksSplit"/>
  <testcase name="checkConfluence" time="2.004" classname="mdThink.SiteChecksSplit"/>
  <testcase name="checkEeMDThink" time="1.189" classname="mdThink.SiteChecksSplit"/>
  <testcase name="checkJenkins" time="2.965" classname="mdThink.SiteChecksSplit"/>
  <testcase name="checkLTC" time="42.107" classname="mdThink.SiteChecksSplit">
    <failure type="org.openqa.selenium.WebDriverException" message="Reached error page: about:neterror?e=netTimeout&amp;amp;u=https%3A//mymdthink.maryland.gov/cp/&amp;amp;c=UTF-8&amp;amp;f=regular&amp;amp;d=The%20server%20at%20mymdthink.maryland.gov%20is%20taking%20too%20long%20to%20respond.
Build info: version: &amp;apos;3.13.0&amp;apos;, revision: &amp;apos;2f0d292&amp;apos;, time: &amp;apos;2018-06-25T15:32:14.902Z&amp;apos;
System info: host: &amp;apos;DML-01934&amp;apos;, ip: &amp;apos;10.31.252.7&amp;apos;, os.name: &amp;apos;Windows 10&amp;apos;, os.arch: &amp;apos;amd64&amp;apos;, os.version: &amp;apos;10.0&amp;apos;, java.version: &amp;apos;1.8.0_181&amp;apos;
Driver info: org.openqa.selenium.firefox.FirefoxDriver
Capabilities {acceptInsecureCerts: true, browserName: firefox, browserVersion: 61.0.2, javascriptEnabled: true, moz:accessibilityChecks: false, moz:headless: false, moz:processID: 3264, moz:profile: C:\Users\madjoodani\AppData..., moz:useNonSpecCompliantPointerOrigin: false, moz:webdriverClick: true, pageLoadStrategy: normal, platform: XP, platformName: XP, platformVersion: 10.0, rotatable: false, timeouts: {implicit: 0, pageLoad: 300000, script: 30000}}
Session ID: af231e2a-2aac-4dc0-afbf-6fdd813b7c69">
      <![CDATA[org.openqa.selenium.WebDriverException: Reached error page: about:neterror?e=netTimeout&u=https%3A//mymdthink.maryland.gov/cp/&c=UTF-8&f=regular&d=The%20server%20at%20mymdthink.maryland.gov%20is%20taking%20too%20long%20to%20respond.
Build info: version: '3.13.0', revision: '2f0d292', time: '2018-06-25T15:32:14.902Z'
System info: host: 'DML-01934', ip: '10.31.252.7', os.name: 'Windows 10', os.arch: 'amd64', os.version: '10.0', java.version: '1.8.0_181'
Driver info: org.openqa.selenium.firefox.FirefoxDriver
Capabilities {acceptInsecureCerts: true, browserName: firefox, browserVersion: 61.0.2, javascriptEnabled: true, moz:accessibilityChecks: false, moz:headless: false, moz:processID: 3264, moz:profile: C:\Users\madjoodani\AppData..., moz:useNonSpecCompliantPointerOrigin: false, moz:webdriverClick: true, pageLoadStrategy: normal, platform: XP, platformName: XP, platformVersion: 10.0, rotatable: false, timeouts: {implicit: 0, pageLoad: 300000, script: 30000}}
Session ID: af231e2a-2aac-4dc0-afbf-6fdd813b7c69
at org.openqa.selenium.remote.http.W3CHttpResponseCodec.createException(W3CHttpResponseCodec.java:187)
at org.openqa.selenium.remote.http.W3CHttpResponseCodec.decode(W3CHttpResponseCodec.java:122)
at org.openqa.selenium.remote.http.W3CHttpResponseCodec.decode(W3CHttpResponseCodec.java:49)
at org.openqa.selenium.remote.HttpCommandExecutor.execute(HttpCommandExecutor.java:158)
at org.openqa.selenium.remote.service.DriverCommandExecutor.execute(DriverCommandExecutor.java:83)
at org.openqa.selenium.remote.RemoteWebDriver.execute(RemoteWebDriver.java:548)
at org.openqa.selenium.remote.RemoteWebDriver.get(RemoteWebDriver.java:276)
at mdThink.SiteChecksSplit.checkLTC(SiteChecksSplit.java:64)
at java.util.concurrent.FutureTask.run(Unknown Source)
at java.util.concurrent.ThreadPoolExecutor.runWorker(Unknown Source)
at java.util.concurrent.ThreadPoolExecutor$Worker.run(Unknown Source)
at java.lang.Thread.run(Unknown Source)
... Removed 20 stack frames]]>
    </failure>
  </testcase> <!-- checkLTC -->
  <testcase name="checkOpenAM" time="2.218" classname="mdThink.SiteChecksSplit"/>
  <testcase name="checkServicedesk" time="1.162" classname="mdThink.SiteChecksSplit"/>
  <testcase name="checkSplunk" time="0.615" classname="mdThink.SiteChecksSplit"/>
</testsuite> <!-- FirefoxTests -->
