<?xml version="1.0" encoding="UTF-8"?>
<!-- Generated by org.testng.reporters.JUnitXMLReporter -->
<testsuite hostname="DML-01934" ignored="0" name="InternetExplorerTests" tests="8" failures="8" timestamp="07 Sep 2018 14:04:01 GMT" time="0.159" errors="0">
  <testcase name="checkBitbucket" time="0.014" classname="mdThink.SiteChecksSplit">
    <failure type="java.lang.NullPointerException">
      <![CDATA[java.lang.NullPointerException
at mdThink.SiteChecksSplit.checkBitbucket(SiteChecksSplit.java:125)
at java.util.concurrent.FutureTask.run(Unknown Source)
at java.util.concurrent.ThreadPoolExecutor.runWorker(Unknown Source)
at java.util.concurrent.ThreadPoolExecutor$Worker.run(Unknown Source)
at java.lang.Thread.run(Unknown Source)
... Removed 16 stack frames]]>
    </failure>
  </testcase> <!-- checkBitbucket -->
  <testcase name="checkConfluence" time="0.004" classname="mdThink.SiteChecksSplit">
    <failure type="java.lang.NullPointerException">
      <![CDATA[java.lang.NullPointerException
at mdThink.SiteChecksSplit.checkConfluence(SiteChecksSplit.java:135)
at java.util.concurrent.FutureTask.run(Unknown Source)
at java.util.concurrent.ThreadPoolExecutor.runWorker(Unknown Source)
at java.util.concurrent.ThreadPoolExecutor$Worker.run(Unknown Source)
at java.lang.Thread.run(Unknown Source)
... Removed 16 stack frames]]>
    </failure>
  </testcase> <!-- checkConfluence -->
  <testcase name="checkEeMDThink" time="0.002" classname="mdThink.SiteChecksSplit">
    <failure type="java.lang.NullPointerException">
      <![CDATA[java.lang.NullPointerException
at mdThink.SiteChecksSplit.checkEeMDThink(SiteChecksSplit.java:75)
at java.util.concurrent.FutureTask.run(Unknown Source)
at java.util.concurrent.ThreadPoolExecutor.runWorker(Unknown Source)
at java.util.concurrent.ThreadPoolExecutor$Worker.run(Unknown Source)
at java.lang.Thread.run(Unknown Source)
... Removed 16 stack frames]]>
    </failure>
  </testcase> <!-- checkEeMDThink -->
  <testcase name="checkJenkins" time="0.002" classname="mdThink.SiteChecksSplit">
    <failure type="java.lang.NullPointerException">
      <![CDATA[java.lang.NullPointerException
at mdThink.SiteChecksSplit.checkJenkins(SiteChecksSplit.java:115)
at java.util.concurrent.FutureTask.run(Unknown Source)
at java.util.concurrent.ThreadPoolExecutor.runWorker(Unknown Source)
at java.util.concurrent.ThreadPoolExecutor$Worker.run(Unknown Source)
at java.lang.Thread.run(Unknown Source)
... Removed 16 stack frames]]>
    </failure>
  </testcase> <!-- checkJenkins -->
  <testcase name="checkLTC" time="0.006" classname="mdThink.SiteChecksSplit">
    <failure type="java.lang.NullPointerException">
      <![CDATA[java.lang.NullPointerException
at mdThink.SiteChecksSplit.checkLTC(SiteChecksSplit.java:64)
at java.util.concurrent.FutureTask.run(Unknown Source)
at java.util.concurrent.ThreadPoolExecutor.runWorker(Unknown Source)
at java.util.concurrent.ThreadPoolExecutor$Worker.run(Unknown Source)
at java.lang.Thread.run(Unknown Source)
... Removed 16 stack frames]]>
    </failure>
  </testcase> <!-- checkLTC -->
  <testcase name="checkOpenAM" time="0.006" classname="mdThink.SiteChecksSplit">
    <failure type="java.lang.NullPointerException">
      <![CDATA[java.lang.NullPointerException
at mdThink.SiteChecksSplit.checkOpenAM(SiteChecksSplit.java:155)
at java.util.concurrent.FutureTask.run(Unknown Source)
at java.util.concurrent.ThreadPoolExecutor.runWorker(Unknown Source)
at java.util.concurrent.ThreadPoolExecutor$Worker.run(Unknown Source)
at java.lang.Thread.run(Unknown Source)
... Removed 16 stack frames]]>
    </failure>
  </testcase> <!-- checkOpenAM -->
  <testcase name="checkServicedesk" time="0.002" classname="mdThink.SiteChecksSplit">
    <failure type="java.lang.NullPointerException">
      <![CDATA[java.lang.NullPointerException
at mdThink.SiteChecksSplit.checkServicedesk(SiteChecksSplit.java:145)
at java.util.concurrent.FutureTask.run(Unknown Source)
at java.util.concurrent.ThreadPoolExecutor.runWorker(Unknown Source)
at java.util.concurrent.ThreadPoolExecutor$Worker.run(Unknown Source)
at java.lang.Thread.run(Unknown Source)
... Removed 16 stack frames]]>
    </failure>
  </testcase> <!-- checkServicedesk -->
  <testcase name="checkSplunk" time="0.002" classname="mdThink.SiteChecksSplit">
    <failure type="java.lang.NullPointerException">
      <![CDATA[java.lang.NullPointerException
at mdThink.SiteChecksSplit.checkSplunk(SiteChecksSplit.java:105)
at java.util.concurrent.FutureTask.run(Unknown Source)
at java.util.concurrent.ThreadPoolExecutor.runWorker(Unknown Source)
at java.util.concurrent.ThreadPoolExecutor$Worker.run(Unknown Source)
at java.lang.Thread.run(Unknown Source)
... Removed 16 stack frames]]>
    </failure>
  </testcase> <!-- checkSplunk -->
</testsuite> <!-- InternetExplorerTests -->
