<?xml version="1.0" encoding="UTF-8"?>
<!-- Generated by org.testng.reporters.JUnitXMLReporter -->
<testsuite hostname="DML-01934" ignored="0" name="Test" tests="3" failures="0" timestamp="31 Aug 2018 18:53:19 GMT" time="6.561" errors="0">
  <testcase name="checkConfluence" time="1.685" classname="mdThink.SiteChecksSplitExtent"/>
  <testcase name="checkOpenAM" time="3.304" classname="mdThink.SiteChecksSplitExtent"/>
  <testcase name="checkServicedesk" time="1.43" classname="mdThink.SiteChecksSplitExtent"/>
</testsuite> <!-- Test -->
